Sun 14 Apr 2024 13:32:40 INFO  ['/home/stef/.local/lib/python3.10/site-packages/ipykernel_launcher.py', '-f', '/home/stef/.local/share/jupyter/runtime/kernel-ce844cad-8ee2-499f-8f1d-229165b49f0f.json']
Sun 14 Apr 2024 13:32:40 INFO  
General Hyper Parameters:
gpu_id = 0
use_gpu = True
seed = 2020
state = INFO
reproducibility = True
data_path = /home/stef/.local/lib/python3.10/site-packages/recbole/config/../dataset_example/ml-100k
checkpoint_dir = saved
show_progress = True
save_dataset = False
dataset_save_path = None
save_dataloaders = False
dataloaders_save_path = None
log_wandb = False

Training Hyper Parameters:
epochs = 300
train_batch_size = 2048
learner = adam
learning_rate = 0.01
train_neg_sample_args = {'distribution': 'uniform', 'sample_num': 1, 'alpha': 1.0, 'dynamic': False, 'candidate_num': 0}
eval_step = 1
stopping_step = 10
clip_grad_norm = None
weight_decay = 0.0
loss_decimal_place = 4

Evaluation Hyper Parameters:
eval_args = {'split': {'RS': [0.8, 0.1, 0.1]}, 'order': 'RO', 'group_by': 'user', 'mode': {'valid': 'full', 'test': 'full'}}
repeatable = False
metrics = ['Recall', 'MRR', 'NDCG', 'Hit', 'Precision']
topk = [10]
valid_metric = MRR@10
valid_metric_bigger = True
eval_batch_size = 4096
metric_decimal_place = 4

Dataset Hyper Parameters:
field_separator = 	
seq_separator =  
USER_ID_FIELD = user_id
ITEM_ID_FIELD = item_id
RATING_FIELD = rating
TIME_FIELD = timestamp
seq_len = None
LABEL_FIELD = label
threshold = None
NEG_PREFIX = neg_
load_col = {'inter': ['user_id', 'item_id', 'rating', 'timestamp']}
unload_col = None
unused_col = None
additional_feat_suffix = None
rm_dup_inter = None
val_interval = None
filter_inter_by_user_or_item = True
user_inter_num_interval = None
item_inter_num_interval = None
alias_of_user_id = None
alias_of_item_id = None
alias_of_entity_id = None
alias_of_relation_id = None
preload_weight = None
normalize_field = None
normalize_all = True
ITEM_LIST_LENGTH_FIELD = item_length
LIST_SUFFIX = _list
MAX_ITEM_LIST_LENGTH = 50
POSITION_FIELD = position_id
HEAD_ENTITY_ID_FIELD = head_id
TAIL_ENTITY_ID_FIELD = tail_id
RELATION_ID_FIELD = relation_id
ENTITY_ID_FIELD = entity_id
kg_reverse_r = False
entity_kg_num_interval = None
relation_kg_num_interval = None
benchmark_filename = None

Other Hyper Parameters: 
worker = 0
wandb_project = recbole
shuffle = True
require_pow = False
enable_amp = False
enable_scaler = False
transform = None
numerical_features = []
discretization = None
MODEL_TYPE = ModelType.TRADITIONAL
embedding_size = 64
eval_setting = RO_RS
early_stop = 5
MODEL_INPUT_TYPE = InputType.POINTWISE
eval_type = EvaluatorType.RANKING
single_spec = True
local_rank = 0
device = cpu
valid_neg_sample_args = {'distribution': 'uniform', 'sample_num': 'none'}
test_neg_sample_args = {'distribution': 'uniform', 'sample_num': 'none'}


Sun 14 Apr 2024 13:32:41 INFO  ml-100k
The number of users: 944
Average actions of users: 106.04453870625663
The number of items: 1683
Average actions of items: 59.45303210463734
The number of inters: 100000
The sparsity of the dataset: 93.70575143257098%
Remain Fields: ['user_id', 'item_id', 'rating', 'timestamp']
Sun 14 Apr 2024 13:32:41 INFO  [Training]: train_batch_size = [2048] train_neg_sample_args: [{'distribution': 'uniform', 'sample_num': 1, 'alpha': 1.0, 'dynamic': False, 'candidate_num': 0}]
Sun 14 Apr 2024 13:32:41 INFO  [Evaluation]: eval_batch_size = [4096] eval_args: [{'split': {'RS': [0.8, 0.1, 0.1]}, 'order': 'RO', 'group_by': 'user', 'mode': {'valid': 'full', 'test': 'full'}}]
Sun 14 Apr 2024 13:32:41 INFO  Pop()
Trainable parameters: 1
Sun 14 Apr 2024 13:32:41 INFO  FLOPs: 1
Sun 14 Apr 2024 13:32:43 INFO  epoch 0 training [time: 0.26s, train loss: 0.0000]
Sun 14 Apr 2024 13:32:43 INFO  epoch 0 evaluating [time: 0.17s, valid_score: 0.184600]
Sun 14 Apr 2024 13:32:43 INFO  valid result: 
recall@10 : 0.0836    mrr@10 : 0.1846    ndcg@10 : 0.0946    hit@10 : 0.4634    precision@10 : 0.0754
Sun 14 Apr 2024 13:32:43 INFO  Saving current: saved/Pop-Apr-14-2024_13-32-41.pth
Sun 14 Apr 2024 13:32:43 INFO  Loading model structure and parameters from saved/Pop-Apr-14-2024_13-32-41.pth
Sun 14 Apr 2024 13:32:44 INFO  The running environment of this training is as follows:
+-------------+----------------+
| Environment |     Usage      |
+=============+================+
| CPU         |    45.10 %     |
+-------------+----------------+
| GPU         |   0.0 / 0.0    |
+-------------+----------------+
| Memory      | 0.52 G/13.86 G |
+-------------+----------------+
Sun 14 Apr 2024 13:32:44 INFO  best valid : OrderedDict([('recall@10', 0.0836), ('mrr@10', 0.1846), ('ndcg@10', 0.0946), ('hit@10', 0.4634), ('precision@10', 0.0754)])
Sun 14 Apr 2024 13:32:44 INFO  test result: OrderedDict([('recall@10', 0.0838), ('mrr@10', 0.1896), ('ndcg@10', 0.1005), ('hit@10', 0.4708), ('precision@10', 0.0824)])
Sun 14 Apr 2024 15:10:54 INFO  ['/home/stef/.local/lib/python3.10/site-packages/ipykernel_launcher.py', '-f', '/home/stef/.local/share/jupyter/runtime/kernel-ce844cad-8ee2-499f-8f1d-229165b49f0f.json']
Sun 14 Apr 2024 15:10:54 INFO  
General Hyper Parameters:
gpu_id = 0
use_gpu = True
seed = 2020
state = INFO
reproducibility = True
data_path = /home/stef/.local/lib/python3.10/site-packages/recbole/config/../dataset_example/ml-100k
checkpoint_dir = saved
show_progress = True
save_dataset = False
dataset_save_path = None
save_dataloaders = False
dataloaders_save_path = None
log_wandb = False

Training Hyper Parameters:
epochs = 300
train_batch_size = 2048
learner = adam
learning_rate = 0.001
train_neg_sample_args = {'distribution': 'uniform', 'sample_num': 1, 'alpha': 1.0, 'dynamic': False, 'candidate_num': 0}
eval_step = 1
stopping_step = 10
clip_grad_norm = None
weight_decay = 0.0
loss_decimal_place = 4

Evaluation Hyper Parameters:
eval_args = {'split': {'RS': [0.8, 0.1, 0.1]}, 'order': 'RO', 'group_by': 'user', 'mode': {'valid': 'full', 'test': 'full'}}
repeatable = False
metrics = ['Recall', 'MRR', 'NDCG', 'Hit', 'Precision']
topk = [10]
valid_metric = MRR@10
valid_metric_bigger = True
eval_batch_size = 4096
metric_decimal_place = 4

Dataset Hyper Parameters:
field_separator = 	
seq_separator =  
USER_ID_FIELD = user_id
ITEM_ID_FIELD = item_id
RATING_FIELD = rating
TIME_FIELD = timestamp
seq_len = None
LABEL_FIELD = label
threshold = None
NEG_PREFIX = neg_
load_col = {'inter': ['user_id', 'item_id', 'rating', 'timestamp']}
unload_col = None
unused_col = None
additional_feat_suffix = None
rm_dup_inter = None
val_interval = None
filter_inter_by_user_or_item = True
user_inter_num_interval = None
item_inter_num_interval = None
alias_of_user_id = None
alias_of_item_id = None
alias_of_entity_id = None
alias_of_relation_id = None
preload_weight = None
normalize_field = None
normalize_all = True
ITEM_LIST_LENGTH_FIELD = item_length
LIST_SUFFIX = _list
MAX_ITEM_LIST_LENGTH = 50
POSITION_FIELD = position_id
HEAD_ENTITY_ID_FIELD = head_id
TAIL_ENTITY_ID_FIELD = tail_id
RELATION_ID_FIELD = relation_id
ENTITY_ID_FIELD = entity_id
kg_reverse_r = False
entity_kg_num_interval = None
relation_kg_num_interval = None
benchmark_filename = None

Other Hyper Parameters: 
worker = 0
wandb_project = recbole
shuffle = True
require_pow = False
enable_amp = False
enable_scaler = False
transform = None
k = 20
shrink = 0.0
numerical_features = []
discretization = None
MODEL_TYPE = ModelType.TRADITIONAL
similarity = cosine
eval_setting = RO_RS
early_stop = 5
MODEL_INPUT_TYPE = InputType.POINTWISE
eval_type = EvaluatorType.RANKING
single_spec = True
local_rank = 0
device = cpu
valid_neg_sample_args = {'distribution': 'uniform', 'sample_num': 'none'}
test_neg_sample_args = {'distribution': 'uniform', 'sample_num': 'none'}


Sun 14 Apr 2024 15:10:54 INFO  ml-100k
The number of users: 944
Average actions of users: 106.04453870625663
The number of items: 1683
Average actions of items: 59.45303210463734
The number of inters: 100000
The sparsity of the dataset: 93.70575143257098%
Remain Fields: ['user_id', 'item_id', 'rating', 'timestamp']
Sun 14 Apr 2024 15:10:55 INFO  [Training]: train_batch_size = [2048] train_neg_sample_args: [{'distribution': 'uniform', 'sample_num': 1, 'alpha': 1.0, 'dynamic': False, 'candidate_num': 0}]
Sun 14 Apr 2024 15:10:55 INFO  [Evaluation]: eval_batch_size = [4096] eval_args: [{'split': {'RS': [0.8, 0.1, 0.1]}, 'order': 'RO', 'group_by': 'user', 'mode': {'valid': 'full', 'test': 'full'}}]
Sun 14 Apr 2024 15:10:55 INFO  ItemKNN()
Trainable parameters: 1
Sun 14 Apr 2024 15:10:55 INFO  FLOPs: 0.0
Sun 14 Apr 2024 15:10:56 INFO  epoch 0 training [time: 0.22s, train loss: 0.0000]
Sun 14 Apr 2024 15:10:56 INFO  epoch 0 evaluating [time: 0.31s, valid_score: 0.355300]
Sun 14 Apr 2024 15:10:56 INFO  valid result: 
recall@10 : 0.1884    mrr@10 : 0.3553    ndcg@10 : 0.2063    hit@10 : 0.7041    precision@10 : 0.1471
Sun 14 Apr 2024 15:10:56 INFO  Saving current: saved/ItemKNN-Apr-14-2024_15-10-55.pth
Sun 14 Apr 2024 15:10:56 INFO  Loading model structure and parameters from saved/ItemKNN-Apr-14-2024_15-10-55.pth
Sun 14 Apr 2024 15:10:58 INFO  The running environment of this training is as follows:
+-------------+----------------+
| Environment |     Usage      |
+=============+================+
| CPU         |    40.10 %     |
+-------------+----------------+
| GPU         |   0.0 / 0.0    |
+-------------+----------------+
| Memory      | 0.60 G/13.86 G |
+-------------+----------------+
Sun 14 Apr 2024 15:10:58 INFO  best valid : OrderedDict([('recall@10', 0.1884), ('mrr@10', 0.3553), ('ndcg@10', 0.2063), ('hit@10', 0.7041), ('precision@10', 0.1471)])
Sun 14 Apr 2024 15:10:58 INFO  test result: OrderedDict([('recall@10', 0.2328), ('mrr@10', 0.4364), ('ndcg@10', 0.2637), ('hit@10', 0.7762), ('precision@10', 0.1852)])
Sun 14 Apr 2024 15:23:15 INFO  ['/home/stef/.local/lib/python3.10/site-packages/ipykernel_launcher.py', '-f', '/home/stef/.local/share/jupyter/runtime/kernel-ce844cad-8ee2-499f-8f1d-229165b49f0f.json']
Sun 14 Apr 2024 15:23:15 INFO  
General Hyper Parameters:
gpu_id = 0
use_gpu = True
seed = 2020
state = INFO
reproducibility = True
data_path = /home/stef/.local/lib/python3.10/site-packages/recbole/config/../dataset_example/ml-100k
checkpoint_dir = saved
show_progress = True
save_dataset = False
dataset_save_path = None
save_dataloaders = False
dataloaders_save_path = None
log_wandb = False

Training Hyper Parameters:
epochs = 300
train_batch_size = 2048
learner = adam
learning_rate = 0.001
train_neg_sample_args = {'distribution': 'uniform', 'sample_num': 1, 'alpha': 1.0, 'dynamic': False, 'candidate_num': 0}
eval_step = 1
stopping_step = 10
clip_grad_norm = None
weight_decay = 0.0
loss_decimal_place = 4

Evaluation Hyper Parameters:
eval_args = {'split': {'RS': [0.8, 0.1, 0.1]}, 'order': 'RO', 'group_by': 'user', 'mode': {'valid': 'full', 'test': 'full'}}
repeatable = False
metrics = ['Recall', 'MRR', 'NDCG', 'Hit', 'Precision']
topk = [10]
valid_metric = MRR@10
valid_metric_bigger = True
eval_batch_size = 4096
metric_decimal_place = 4

Dataset Hyper Parameters:
field_separator = 	
seq_separator =  
USER_ID_FIELD = user_id
ITEM_ID_FIELD = item_id
RATING_FIELD = rating
TIME_FIELD = timestamp
seq_len = None
LABEL_FIELD = label
threshold = 3.5
NEG_PREFIX = neg_
load_col = {'inter': ['user_id', 'item_id', 'rating', 'timestamp']}
unload_col = None
unused_col = None
additional_feat_suffix = None
rm_dup_inter = None
val_interval = None
filter_inter_by_user_or_item = True
user_inter_num_interval = None
item_inter_num_interval = None
alias_of_user_id = None
alias_of_item_id = None
alias_of_entity_id = None
alias_of_relation_id = None
preload_weight = None
normalize_field = None
normalize_all = True
ITEM_LIST_LENGTH_FIELD = item_length
LIST_SUFFIX = _list
MAX_ITEM_LIST_LENGTH = 50
POSITION_FIELD = position_id
HEAD_ENTITY_ID_FIELD = head_id
TAIL_ENTITY_ID_FIELD = tail_id
RELATION_ID_FIELD = relation_id
ENTITY_ID_FIELD = entity_id
kg_reverse_r = False
entity_kg_num_interval = None
relation_kg_num_interval = None
benchmark_filename = None

Other Hyper Parameters: 
worker = 0
wandb_project = recbole
shuffle = True
require_pow = False
enable_amp = False
enable_scaler = False
transform = None
k = 20
shrink = 0.0
numerical_features = []
discretization = None
MODEL_TYPE = ModelType.TRADITIONAL
similarity = cosine
use_implicit = True
eval_setting = RO_RS
early_stop = 5
MODEL_INPUT_TYPE = InputType.POINTWISE
eval_type = EvaluatorType.RANKING
single_spec = True
local_rank = 0
device = cpu
valid_neg_sample_args = {'distribution': 'uniform', 'sample_num': 'none'}
test_neg_sample_args = {'distribution': 'uniform', 'sample_num': 'none'}


Sun 14 Apr 2024 15:25:08 INFO  ['/home/stef/.local/lib/python3.10/site-packages/ipykernel_launcher.py', '-f', '/home/stef/.local/share/jupyter/runtime/kernel-ce844cad-8ee2-499f-8f1d-229165b49f0f.json']
Sun 14 Apr 2024 15:25:08 INFO  
General Hyper Parameters:
gpu_id = 0
use_gpu = True
seed = 2020
state = INFO
reproducibility = True
data_path = /home/stef/.local/lib/python3.10/site-packages/recbole/config/../dataset_example/ml-100k
checkpoint_dir = saved
show_progress = True
save_dataset = False
dataset_save_path = None
save_dataloaders = False
dataloaders_save_path = None
log_wandb = False

Training Hyper Parameters:
epochs = 300
train_batch_size = 2048
learner = adam
learning_rate = 0.001
train_neg_sample_args = {'distribution': 'uniform', 'sample_num': 1, 'alpha': 1.0, 'dynamic': False, 'candidate_num': 0}
eval_step = 1
stopping_step = 10
clip_grad_norm = None
weight_decay = 0.0
loss_decimal_place = 4

Evaluation Hyper Parameters:
eval_args = {'split': {'RS': [0.8, 0.1, 0.1]}, 'order': 'RO', 'group_by': 'user', 'mode': {'valid': 'full', 'test': 'full'}}
repeatable = False
metrics = ['Recall', 'MRR', 'NDCG', 'Hit', 'Precision']
topk = [10]
valid_metric = MRR@10
valid_metric_bigger = True
eval_batch_size = 4096
metric_decimal_place = 4

Dataset Hyper Parameters:
field_separator = 	
seq_separator =  
USER_ID_FIELD = user_id
ITEM_ID_FIELD = item_id
RATING_FIELD = rating
TIME_FIELD = timestamp
seq_len = None
LABEL_FIELD = label
threshold = [3.5]
NEG_PREFIX = neg_
load_col = {'inter': ['user_id', 'item_id', 'rating', 'timestamp']}
unload_col = None
unused_col = None
additional_feat_suffix = None
rm_dup_inter = None
val_interval = None
filter_inter_by_user_or_item = True
user_inter_num_interval = None
item_inter_num_interval = None
alias_of_user_id = None
alias_of_item_id = None
alias_of_entity_id = None
alias_of_relation_id = None
preload_weight = None
normalize_field = None
normalize_all = True
ITEM_LIST_LENGTH_FIELD = item_length
LIST_SUFFIX = _list
MAX_ITEM_LIST_LENGTH = 50
POSITION_FIELD = position_id
HEAD_ENTITY_ID_FIELD = head_id
TAIL_ENTITY_ID_FIELD = tail_id
RELATION_ID_FIELD = relation_id
ENTITY_ID_FIELD = entity_id
kg_reverse_r = False
entity_kg_num_interval = None
relation_kg_num_interval = None
benchmark_filename = None

Other Hyper Parameters: 
worker = 0
wandb_project = recbole
shuffle = True
require_pow = False
enable_amp = False
enable_scaler = False
transform = None
k = 20
shrink = 0.0
numerical_features = []
discretization = None
MODEL_TYPE = ModelType.TRADITIONAL
similarity = cosine
use_implicit = True
eval_setting = RO_RS
early_stop = 5
MODEL_INPUT_TYPE = InputType.POINTWISE
eval_type = EvaluatorType.RANKING
single_spec = True
local_rank = 0
device = cpu
valid_neg_sample_args = {'distribution': 'uniform', 'sample_num': 'none'}
test_neg_sample_args = {'distribution': 'uniform', 'sample_num': 'none'}


Sun 14 Apr 2024 15:27:04 INFO  ['/home/stef/.local/lib/python3.10/site-packages/ipykernel_launcher.py', '-f', '/home/stef/.local/share/jupyter/runtime/kernel-ce844cad-8ee2-499f-8f1d-229165b49f0f.json']
Sun 14 Apr 2024 15:27:04 INFO  
General Hyper Parameters:
gpu_id = 0
use_gpu = True
seed = 2020
state = INFO
reproducibility = True
data_path = /home/stef/.local/lib/python3.10/site-packages/recbole/config/../dataset_example/ml-100k
checkpoint_dir = saved
show_progress = True
save_dataset = False
dataset_save_path = None
save_dataloaders = False
dataloaders_save_path = None
log_wandb = False

Training Hyper Parameters:
epochs = 300
train_batch_size = 2048
learner = adam
learning_rate = 0.001
train_neg_sample_args = {'distribution': 'uniform', 'sample_num': 1, 'alpha': 1.0, 'dynamic': False, 'candidate_num': 0}
eval_step = 1
stopping_step = 10
clip_grad_norm = None
weight_decay = 0.0
loss_decimal_place = 4

Evaluation Hyper Parameters:
eval_args = {'split': {'RS': [0.8, 0.1, 0.1]}, 'order': 'RO', 'group_by': 'user', 'mode': {'valid': 'full', 'test': 'full'}}
repeatable = False
metrics = ['Recall', 'MRR', 'NDCG', 'Hit', 'Precision']
topk = [10]
valid_metric = MRR@10
valid_metric_bigger = True
eval_batch_size = 4096
metric_decimal_place = 4

Dataset Hyper Parameters:
field_separator = 	
seq_separator =  
USER_ID_FIELD = user_id
ITEM_ID_FIELD = item_id
RATING_FIELD = rating
TIME_FIELD = timestamp
seq_len = None
LABEL_FIELD = label
threshold = {'rating': 3.5}
NEG_PREFIX = neg_
load_col = {'inter': ['user_id', 'item_id', 'rating', 'timestamp']}
unload_col = None
unused_col = None
additional_feat_suffix = None
rm_dup_inter = None
val_interval = None
filter_inter_by_user_or_item = True
user_inter_num_interval = None
item_inter_num_interval = None
alias_of_user_id = None
alias_of_item_id = None
alias_of_entity_id = None
alias_of_relation_id = None
preload_weight = None
normalize_field = None
normalize_all = True
ITEM_LIST_LENGTH_FIELD = item_length
LIST_SUFFIX = _list
MAX_ITEM_LIST_LENGTH = 50
POSITION_FIELD = position_id
HEAD_ENTITY_ID_FIELD = head_id
TAIL_ENTITY_ID_FIELD = tail_id
RELATION_ID_FIELD = relation_id
ENTITY_ID_FIELD = entity_id
kg_reverse_r = False
entity_kg_num_interval = None
relation_kg_num_interval = None
benchmark_filename = None

Other Hyper Parameters: 
worker = 0
wandb_project = recbole
shuffle = True
require_pow = False
enable_amp = False
enable_scaler = False
transform = None
k = 20
shrink = 0.0
numerical_features = []
discretization = None
MODEL_TYPE = ModelType.TRADITIONAL
similarity = cosine
use_implicit = True
eval_setting = RO_RS
early_stop = 5
MODEL_INPUT_TYPE = InputType.POINTWISE
eval_type = EvaluatorType.RANKING
single_spec = True
local_rank = 0
device = cpu
valid_neg_sample_args = {'distribution': 'uniform', 'sample_num': 'none'}
test_neg_sample_args = {'distribution': 'uniform', 'sample_num': 'none'}


Sun 14 Apr 2024 15:27:05 INFO  ml-100k
The number of users: 944
Average actions of users: 106.04453870625663
The number of items: 1683
Average actions of items: 59.45303210463734
The number of inters: 100000
The sparsity of the dataset: 93.70575143257098%
Remain Fields: ['user_id', 'item_id', 'timestamp', 'label']
Sun 14 Apr 2024 15:27:05 INFO  [Training]: train_batch_size = [2048] train_neg_sample_args: [{'distribution': 'uniform', 'sample_num': 1, 'alpha': 1.0, 'dynamic': False, 'candidate_num': 0}]
Sun 14 Apr 2024 15:27:05 INFO  [Evaluation]: eval_batch_size = [4096] eval_args: [{'split': {'RS': [0.8, 0.1, 0.1]}, 'order': 'RO', 'group_by': 'user', 'mode': {'valid': 'full', 'test': 'full'}}]
Sun 14 Apr 2024 15:27:05 INFO  ItemKNN()
Trainable parameters: 1
Sun 14 Apr 2024 15:27:05 INFO  FLOPs: 0.0
Sun 14 Apr 2024 15:27:06 INFO  epoch 0 training [time: 0.25s, train loss: 0.0000]
Sun 14 Apr 2024 15:27:06 INFO  epoch 0 evaluating [time: 0.32s, valid_score: 0.355300]
Sun 14 Apr 2024 15:27:06 INFO  valid result: 
recall@10 : 0.1884    mrr@10 : 0.3553    ndcg@10 : 0.2063    hit@10 : 0.7041    precision@10 : 0.1471
Sun 14 Apr 2024 15:27:06 INFO  Saving current: saved/ItemKNN-Apr-14-2024_15-27-05.pth
Sun 14 Apr 2024 15:27:06 INFO  Loading model structure and parameters from saved/ItemKNN-Apr-14-2024_15-27-05.pth
Sun 14 Apr 2024 15:27:07 INFO  The running environment of this training is as follows:
+-------------+----------------+
| Environment |     Usage      |
+=============+================+
| CPU         |    35.40 %     |
+-------------+----------------+
| GPU         |   0.0 / 0.0    |
+-------------+----------------+
| Memory      | 0.61 G/13.86 G |
+-------------+----------------+
Sun 14 Apr 2024 15:27:07 INFO  best valid : OrderedDict([('recall@10', 0.1884), ('mrr@10', 0.3553), ('ndcg@10', 0.2063), ('hit@10', 0.7041), ('precision@10', 0.1471)])
Sun 14 Apr 2024 15:27:07 INFO  test result: OrderedDict([('recall@10', 0.2328), ('mrr@10', 0.4364), ('ndcg@10', 0.2637), ('hit@10', 0.7762), ('precision@10', 0.1852)])
Sun 14 Apr 2024 15:31:56 INFO  ['/home/stef/.local/lib/python3.10/site-packages/ipykernel_launcher.py', '-f', '/home/stef/.local/share/jupyter/runtime/kernel-ce844cad-8ee2-499f-8f1d-229165b49f0f.json']
Sun 14 Apr 2024 15:31:56 INFO  
General Hyper Parameters:
gpu_id = 0
use_gpu = True
seed = 2020
state = INFO
reproducibility = True
data_path = /home/stef/.local/lib/python3.10/site-packages/recbole/config/../dataset_example/ml-100k
checkpoint_dir = saved
show_progress = True
save_dataset = False
dataset_save_path = None
save_dataloaders = False
dataloaders_save_path = None
log_wandb = False

Training Hyper Parameters:
epochs = 300
train_batch_size = 2048
learner = adam
learning_rate = 0.001
train_neg_sample_args = {'distribution': 'uniform', 'sample_num': 1, 'alpha': 1.0, 'dynamic': False, 'candidate_num': 0}
eval_step = 1
stopping_step = 10
clip_grad_norm = None
weight_decay = 0.0
loss_decimal_place = 4

Evaluation Hyper Parameters:
eval_args = {'split': {'RS': [0.8, 0.1, 0.1]}, 'order': 'RO', 'group_by': 'user', 'mode': {'valid': 'full', 'test': 'full'}}
repeatable = False
metrics = ['Recall', 'MRR', 'NDCG', 'Hit', 'Precision']
topk = [10]
valid_metric = MRR@10
valid_metric_bigger = True
eval_batch_size = 4096
metric_decimal_place = 4

Dataset Hyper Parameters:
field_separator = 	
seq_separator =  
USER_ID_FIELD = user_id
ITEM_ID_FIELD = item_id
RATING_FIELD = rating
TIME_FIELD = timestamp
seq_len = None
LABEL_FIELD = label
threshold = None
NEG_PREFIX = neg_
load_col = {'inter': ['user_id', 'item_id', 'rating', 'timestamp']}
unload_col = None
unused_col = None
additional_feat_suffix = None
rm_dup_inter = None
val_interval = None
filter_inter_by_user_or_item = True
user_inter_num_interval = None
item_inter_num_interval = None
alias_of_user_id = None
alias_of_item_id = None
alias_of_entity_id = None
alias_of_relation_id = None
preload_weight = None
normalize_field = None
normalize_all = True
ITEM_LIST_LENGTH_FIELD = item_length
LIST_SUFFIX = _list
MAX_ITEM_LIST_LENGTH = 50
POSITION_FIELD = position_id
HEAD_ENTITY_ID_FIELD = head_id
TAIL_ENTITY_ID_FIELD = tail_id
RELATION_ID_FIELD = relation_id
ENTITY_ID_FIELD = entity_id
kg_reverse_r = False
entity_kg_num_interval = None
relation_kg_num_interval = None
benchmark_filename = None

Other Hyper Parameters: 
worker = 0
wandb_project = recbole
shuffle = True
require_pow = False
enable_amp = False
enable_scaler = False
transform = None
k = 20
shrink = 0.0
numerical_features = []
discretization = None
MODEL_TYPE = ModelType.TRADITIONAL
similarity = cosine
use_implicit = False
eval_setting = RO_RS
early_stop = 5
MODEL_INPUT_TYPE = InputType.POINTWISE
eval_type = EvaluatorType.RANKING
single_spec = True
local_rank = 0
device = cpu
valid_neg_sample_args = {'distribution': 'uniform', 'sample_num': 'none'}
test_neg_sample_args = {'distribution': 'uniform', 'sample_num': 'none'}


Sun 14 Apr 2024 15:31:56 INFO  ml-100k
The number of users: 944
Average actions of users: 106.04453870625663
The number of items: 1683
Average actions of items: 59.45303210463734
The number of inters: 100000
The sparsity of the dataset: 93.70575143257098%
Remain Fields: ['user_id', 'item_id', 'rating', 'timestamp']
Sun 14 Apr 2024 15:31:57 INFO  [Training]: train_batch_size = [2048] train_neg_sample_args: [{'distribution': 'uniform', 'sample_num': 1, 'alpha': 1.0, 'dynamic': False, 'candidate_num': 0}]
Sun 14 Apr 2024 15:31:57 INFO  [Evaluation]: eval_batch_size = [4096] eval_args: [{'split': {'RS': [0.8, 0.1, 0.1]}, 'order': 'RO', 'group_by': 'user', 'mode': {'valid': 'full', 'test': 'full'}}]
Sun 14 Apr 2024 15:31:57 INFO  ItemKNN()
Trainable parameters: 1
Sun 14 Apr 2024 15:31:57 INFO  FLOPs: 0.0
Sun 14 Apr 2024 15:31:58 INFO  epoch 0 training [time: 0.26s, train loss: 0.0000]
Sun 14 Apr 2024 15:31:58 INFO  epoch 0 evaluating [time: 0.29s, valid_score: 0.355300]
Sun 14 Apr 2024 15:31:58 INFO  valid result: 
recall@10 : 0.1884    mrr@10 : 0.3553    ndcg@10 : 0.2063    hit@10 : 0.7041    precision@10 : 0.1471
Sun 14 Apr 2024 15:31:58 INFO  Saving current: saved/ItemKNN-Apr-14-2024_15-31-57.pth
Sun 14 Apr 2024 15:31:58 INFO  Loading model structure and parameters from saved/ItemKNN-Apr-14-2024_15-31-57.pth
Sun 14 Apr 2024 15:32:00 INFO  The running environment of this training is as follows:
+-------------+----------------+
| Environment |     Usage      |
+=============+================+
| CPU         |    48.20 %     |
+-------------+----------------+
| GPU         |   0.0 / 0.0    |
+-------------+----------------+
| Memory      | 0.61 G/13.86 G |
+-------------+----------------+
Sun 14 Apr 2024 15:32:00 INFO  best valid : OrderedDict([('recall@10', 0.1884), ('mrr@10', 0.3553), ('ndcg@10', 0.2063), ('hit@10', 0.7041), ('precision@10', 0.1471)])
Sun 14 Apr 2024 15:32:00 INFO  test result: OrderedDict([('recall@10', 0.2328), ('mrr@10', 0.4364), ('ndcg@10', 0.2637), ('hit@10', 0.7762), ('precision@10', 0.1852)])
